Determining if the pthread_create exist failed with the following output:
Change Dir: /home/johnny/catkin_ws/build/CMakeFiles/CMakeTmp

Run Build Command:"/usr/bin/make" "cmTC_57f87/fast"
/usr/bin/make -f CMakeFiles/cmTC_57f87.dir/build.make CMakeFiles/cmTC_57f87.dir/build
make[1]: Entering directory '/home/johnny/catkin_ws/build/CMakeFiles/CMakeTmp'
Building C object CMakeFiles/cmTC_57f87.dir/CheckSymbolExists.c.o
/usr/bin/cc    -o CMakeFiles/cmTC_57f87.dir/CheckSymbolExists.c.o   -c /home/johnny/catkin_ws/build/CMakeFiles/CMakeTmp/CheckSymbolExists.c
Linking C executable cmTC_57f87
/usr/bin/cmake -E cmake_link_script CMakeFiles/cmTC_57f87.dir/link.txt --verbose=1
/usr/bin/cc      -rdynamic CMakeFiles/cmTC_57f87.dir/CheckSymbolExists.c.o  -o cmTC_57f87 
CMakeFiles/cmTC_57f87.dir/CheckSymbolExists.c.o: In function `main':
CheckSymbolExists.c:(.text+0x1b): undefined reference to `pthread_create'
collect2: error: ld returned 1 exit status
CMakeFiles/cmTC_57f87.dir/build.make:97: recipe for target 'cmTC_57f87' failed
make[1]: *** [cmTC_57f87] Error 1
make[1]: Leaving directory '/home/johnny/catkin_ws/build/CMakeFiles/CMakeTmp'
Makefile:126: recipe for target 'cmTC_57f87/fast' failed
make: *** [cmTC_57f87/fast] Error 2

File /home/johnny/catkin_ws/build/CMakeFiles/CMakeTmp/CheckSymbolExists.c:
/* */
#include <pthread.h>

int main(int argc, char** argv)
{
  (void)argv;
#ifndef pthread_create
  return ((int*)(&pthread_create))[argc];
#else
  (void)argc;
  return 0;
#endif
}

Determining if the function pthread_create exists in the pthreads failed with the following output:
Change Dir: /home/johnny/catkin_ws/build/CMakeFiles/CMakeTmp

Run Build Command:"/usr/bin/make" "cmTC_443cf/fast"
/usr/bin/make -f CMakeFiles/cmTC_443cf.dir/build.make CMakeFiles/cmTC_443cf.dir/build
make[1]: Entering directory '/home/johnny/catkin_ws/build/CMakeFiles/CMakeTmp'
Building C object CMakeFiles/cmTC_443cf.dir/CheckFunctionExists.c.o
/usr/bin/cc   -DCHECK_FUNCTION_EXISTS=pthread_create   -o CMakeFiles/cmTC_443cf.dir/CheckFunctionExists.c.o   -c /usr/share/cmake-3.10/Modules/CheckFunctionExists.c
Linking C executable cmTC_443cf
/usr/bin/cmake -E cmake_link_script CMakeFiles/cmTC_443cf.dir/link.txt --verbose=1
/usr/bin/cc  -DCHECK_FUNCTION_EXISTS=pthread_create    -rdynamic CMakeFiles/cmTC_443cf.dir/CheckFunctionExists.c.o  -o cmTC_443cf -lpthreads 
/usr/bin/ld: cannot find -lpthreads
collect2: error: ld returned 1 exit status
CMakeFiles/cmTC_443cf.dir/build.make:97: recipe for target 'cmTC_443cf' failed
make[1]: *** [cmTC_443cf] Error 1
make[1]: Leaving directory '/home/johnny/catkin_ws/build/CMakeFiles/CMakeTmp'
Makefile:126: recipe for target 'cmTC_443cf/fast' failed
make: *** [cmTC_443cf/fast] Error 2


